<?xml version="1.0" encoding="UTF-8"?>
<testng-results skipped="0" failed="0" ignored="0" total="2" passed="2">
  <reporter-output>
  </reporter-output>
  <suite name="Default suite" duration-ms="1277" started-at="2019-12-24T11:07:51 IST" finished-at="2019-12-24T11:07:52 IST">
    <groups>
    </groups>
    <test name="Default test" duration-ms="1277" started-at="2019-12-24T11:07:51 IST" finished-at="2019-12-24T11:07:52 IST">
      <class name="API.Delete_Request">
        <test-method status="PASS" signature="Delete()[pri:0, instance:API.Delete_Request@61f8bee4]" name="Delete" duration-ms="1166" started-at="2019-12-24T11:07:51 IST" finished-at="2019-12-24T11:07:52 IST">
          <reporter-output>
          </reporter-output>
        </test-method> <!-- Delete -->
        <test-method status="PASS" signature="responsebody()[pri:0, instance:API.Delete_Request@61f8bee4]" name="responsebody" duration-ms="58" started-at="2019-12-24T11:07:52 IST" finished-at="2019-12-24T11:07:52 IST">
          <reporter-output>
          </reporter-output>
        </test-method> <!-- responsebody -->
      </class> <!-- API.Delete_Request -->
    </test> <!-- Default test -->
  </suite> <!-- Default suite -->
</testng-results>
